This is pdfTeX, Version 3.141592653-2.6-1.40.26 (TeX Live 2024) (preloaded format=pdflatex 2025.1.22)  31 JUL 2025 16:09
entering extended mode
 restricted \write18 enabled.
 file:line:error style messages enabled.
 %&-line parsing enabled.
**/Users/justinyeakel/Dropbox/jdyeakel.github.io/CV/Yeakel_CV/Yeakel_CV.tex
(/Users/justinyeakel/Dropbox/jdyeakel.github.io/CV/Yeakel_CV/Yeakel_CV.tex
LaTeX2e <2023-11-01> patch level 1
L3 programming layer <2024-02-20>
(./res.cls
Document Style `res' <26 Sep 89>.
Document Class: res 2000/05/19 v1.4b Resume class
(/usr/local/texlive/2024/texmf-dist/tex/latex/base/article.cls
Document Class: article 2023/05/17 v1.4n Standard LaTeX document class
(/usr/local/texlive/2024/texmf-dist/tex/latex/base/size12.clo
File: size12.clo 2023/05/17 v1.4n Standard LaTeX file (size option)
)
\c@part=\count188
\c@section=\count189
\c@subsection=\count190
\c@subsubsection=\count191
\c@paragraph=\count192
\c@subparagraph=\count193
\c@figure=\count194
\c@table=\count195
\abovecaptionskip=\skip48
\belowcaptionskip=\skip49
\bibindent=\dimen140
)
No auxiliary output files.

\tabular@text=\toks17
\tabular@head=\toks18
\tabular@tail=\toks19
\@ta=\toks20
\undefined@token=\toks21
\sectionwidth=\dimen141
\sectionskip=\skip50
\resumewidth=\dimen142
\@columnwidth=\dimen143
\c@numberofcolumns=\count196
) (/usr/local/texlive/2024/texmf-dist/tex/latex/ebgaramond/ebgaramond.sty
Package: ebgaramond 2022/09/10 (Bob Tennent and autoinst) Style file for EB Garamond fonts.
 (/usr/local/texlive/2024/texmf-dist/tex/generic/iftex/ifxetex.sty
Package: ifxetex 2019/10/25 v0.7 ifxetex legacy package. Use iftex instead.
 (/usr/local/texlive/2024/texmf-dist/tex/generic/iftex/iftex.sty
Package: iftex 2022/02/03 v1.0f TeX engine tests
)) (/usr/local/texlive/2024/texmf-dist/tex/generic/iftex/ifluatex.sty
Package: ifluatex 2019/10/25 v1.5 ifluatex legacy package. Use iftex instead.
) (/usr/local/texlive/2024/texmf-dist/tex/latex/xkeyval/xkeyval.sty
Package: xkeyval 2022/06/16 v2.9 package option processing (HA)
 (/usr/local/texlive/2024/texmf-dist/tex/generic/xkeyval/xkeyval.tex (/usr/local/texlive/2024/texmf-dist/tex/generic/xkeyval/xkvutils.tex
\XKV@toks=\toks22
\XKV@tempa@toks=\toks23
 (/usr/local/texlive/2024/texmf-dist/tex/generic/xkeyval/keyval.tex))
\XKV@depth=\count197
File: xkeyval.tex 2014/12/03 v2.7a key=value parser (HA)
)) (/usr/local/texlive/2024/texmf-dist/tex/latex/base/textcomp.sty
Package: textcomp 2020/02/02 v2.0n Standard LaTeX package
) (/usr/local/texlive/2024/texmf-dist/tex/latex/base/fontenc.sty
Package: fontenc 2021/04/29 v2.0v Standard LaTeX package
) (/usr/local/texlive/2024/texmf-dist/tex/latex/fontaxes/fontaxes.sty
Package: fontaxes 2020/07/21 v1.0e Font selection axes
LaTeX Info: Redefining \upshape on input line 29.
LaTeX Info: Redefining \itshape on input line 31.
LaTeX Info: Redefining \slshape on input line 33.
LaTeX Info: Redefining \swshape on input line 35.
LaTeX Info: Redefining \scshape on input line 37.
LaTeX Info: Redefining \sscshape on input line 39.
LaTeX Info: Redefining \ulcshape on input line 41.
LaTeX Info: Redefining \textsw on input line 47.
LaTeX Info: Redefining \textssc on input line 48.
LaTeX Info: Redefining \textulc on input line 49.
)
LaTeX Info: Redefining \oldstylenums on input line 161.
LaTeX Info: Redefining \textsw on input line 169.
) (/usr/local/texlive/2024/texmf-dist/tex/latex/hyperref/hyperref.sty
Package: hyperref 2024-01-20 v7.01h Hypertext links for LaTeX
 (/usr/local/texlive/2024/texmf-dist/tex/latex/kvsetkeys/kvsetkeys.sty
Package: kvsetkeys 2022-10-05 v1.19 Key value parser (HO)
) (/usr/local/texlive/2024/texmf-dist/tex/generic/kvdefinekeys/kvdefinekeys.sty
Package: kvdefinekeys 2019-12-19 v1.6 Define keys (HO)
) (/usr/local/texlive/2024/texmf-dist/tex/generic/pdfescape/pdfescape.sty
Package: pdfescape 2019/12/09 v1.15 Implements pdfTeX's escape features (HO)
 (/usr/local/texlive/2024/texmf-dist/tex/generic/ltxcmds/ltxcmds.sty
Package: ltxcmds 2023-12-04 v1.26 LaTeX kernel commands for general use (HO)
) (/usr/local/texlive/2024/texmf-dist/tex/generic/pdftexcmds/pdftexcmds.sty
Package: pdftexcmds 2020-06-27 v0.33 Utility functions of pdfTeX for LuaTeX (HO)
 (/usr/local/texlive/2024/texmf-dist/tex/generic/infwarerr/infwarerr.sty
Package: infwarerr 2019/12/03 v1.5 Providing info/warning/error messages (HO)
)
Package pdftexcmds Info: \pdf@primitive is available.
Package pdftexcmds Info: \pdf@ifprimitive is available.
Package pdftexcmds Info: \pdfdraftmode found.
)) (/usr/local/texlive/2024/texmf-dist/tex/latex/hycolor/hycolor.sty
Package: hycolor 2020-01-27 v1.10 Color options for hyperref/bookmark (HO)
) (/usr/local/texlive/2024/texmf-dist/tex/latex/auxhook/auxhook.sty
Package: auxhook 2019-12-17 v1.6 Hooks for auxiliary files (HO)
) (/usr/local/texlive/2024/texmf-dist/tex/latex/hyperref/nameref.sty
Package: nameref 2023-11-26 v2.56 Cross-referencing by name of section
 (/usr/local/texlive/2024/texmf-dist/tex/latex/refcount/refcount.sty
Package: refcount 2019/12/15 v3.6 Data extraction from label references (HO)
) (/usr/local/texlive/2024/texmf-dist/tex/generic/gettitlestring/gettitlestring.sty
Package: gettitlestring 2019/12/15 v1.6 Cleanup title references (HO)
 (/usr/local/texlive/2024/texmf-dist/tex/latex/kvoptions/kvoptions.sty
Package: kvoptions 2022-06-15 v3.15 Key value format for package options (HO)
))
\c@section@level=\count198
) (/usr/local/texlive/2024/texmf-dist/tex/latex/etoolbox/etoolbox.sty
Package: etoolbox 2020/10/05 v2.5k e-TeX tools for LaTeX (JAW)
\etb@tempcnta=\count199
)
\@linkdim=\dimen144
\Hy@linkcounter=\count266
\Hy@pagecounter=\count267
 (/usr/local/texlive/2024/texmf-dist/tex/latex/hyperref/pd1enc.def
File: pd1enc.def 2024-01-20 v7.01h Hyperref: PDFDocEncoding definition (HO)
Now handling font encoding PD1 ...
... no UTF-8 mapping file for font encoding PD1
) (/usr/local/texlive/2024/texmf-dist/tex/generic/intcalc/intcalc.sty
Package: intcalc 2019/12/15 v1.3 Expandable calculations with integers (HO)
)
\Hy@SavedSpaceFactor=\count268
 (/usr/local/texlive/2024/texmf-dist/tex/latex/hyperref/puenc.def
File: puenc.def 2024-01-20 v7.01h Hyperref: PDF Unicode definition (HO)
Now handling font encoding PU ...
... no UTF-8 mapping file for font encoding PU
)
Package hyperref Info: Hyper figures OFF on input line 4179.
Package hyperref Info: Link nesting OFF on input line 4184.
Package hyperref Info: Hyper index ON on input line 4187.
Package hyperref Info: Plain pages OFF on input line 4194.
Package hyperref Info: Backreferencing OFF on input line 4199.
Package hyperref Info: Implicit mode ON; LaTeX internals redefined.
Package hyperref Info: Bookmarks ON on input line 4446.
\c@Hy@tempcnt=\count269
 (/usr/local/texlive/2024/texmf-dist/tex/latex/url/url.sty
\Urlmuskip=\muskip16
Package: url 2013/09/16  ver 3.4  Verb mode for urls, etc.
)
LaTeX Info: Redefining \url on input line 4784.
\XeTeXLinkMargin=\dimen145
 (/usr/local/texlive/2024/texmf-dist/tex/generic/bitset/bitset.sty
Package: bitset 2019/12/09 v1.3 Handle bit-vector datatype (HO)
 (/usr/local/texlive/2024/texmf-dist/tex/generic/bigintcalc/bigintcalc.sty
Package: bigintcalc 2019/12/15 v1.5 Expandable calculations on big integers (HO)
))
\Fld@menulength=\count270
\Field@Width=\dimen146
\Fld@charsize=\dimen147
Package hyperref Info: Hyper figures OFF on input line 6063.
Package hyperref Info: Link nesting OFF on input line 6068.
Package hyperref Info: Hyper index ON on input line 6071.
Package hyperref Info: backreferencing OFF on input line 6078.
Package hyperref Info: Link coloring OFF on input line 6083.
Package hyperref Info: Link coloring with OCG OFF on input line 6088.
Package hyperref Info: PDF/A mode OFF on input line 6093.
 (/usr/local/texlive/2024/texmf-dist/tex/latex/base/atbegshi-ltx.sty
Package: atbegshi-ltx 2021/01/10 v1.0c Emulation of the original atbegshi
package with kernel methods
)
\Hy@abspage=\count271
\c@Item=\count272
\c@Hfootnote=\count273
)
Package hyperref Info: Driver (autodetected): hpdftex.
 (/usr/local/texlive/2024/texmf-dist/tex/latex/hyperref/hpdftex.def
File: hpdftex.def 2024-01-20 v7.01h Hyperref driver for pdfTeX
 (/usr/local/texlive/2024/texmf-dist/tex/latex/base/atveryend-ltx.sty
Package: atveryend-ltx 2020/08/19 v1.0a Emulation of the original atveryend package
with kernel methods
)
\Fld@listcount=\count274
\c@bookmark@seq@number=\count275
 (/usr/local/texlive/2024/texmf-dist/tex/latex/rerunfilecheck/rerunfilecheck.sty
Package: rerunfilecheck 2022-07-10 v1.10 Rerun checks for auxiliary files (HO)
 (/usr/local/texlive/2024/texmf-dist/tex/generic/uniquecounter/uniquecounter.sty
Package: uniquecounter 2019/12/15 v1.4 Provide unlimited unique counter (HO)
)
Package uniquecounter Info: New unique counter `rerunfilecheck' on input line 285.
)
\Hy@SectionHShift=\skip51
) (/usr/local/texlive/2024/texmf-dist/tex/latex/graphics/color.sty
Package: color 2022/01/06 v1.3d Standard LaTeX Color (DPC)
 (/usr/local/texlive/2024/texmf-dist/tex/latex/graphics-cfg/color.cfg
File: color.cfg 2016/01/02 v1.6 sample color configuration
)
Package color Info: Driver file: pdftex.def on input line 149.
 (/usr/local/texlive/2024/texmf-dist/tex/latex/graphics-def/pdftex.def
File: pdftex.def 2022/09/22 v1.2b Graphics/color driver for pdftex
) (/usr/local/texlive/2024/texmf-dist/tex/latex/graphics/dvipsnam.def
File: dvipsnam.def 2016/06/17 v3.0m Driver-dependent file (DPC,SPQR)
) (/usr/local/texlive/2024/texmf-dist/tex/latex/graphics/mathcolor.ltx))
LaTeX Font Info:    Trying to load font information for OT1+EBGaramond-OsF on input line 39.
 (/usr/local/texlive/2024/texmf-dist/tex/latex/ebgaramond/OT1EBGaramond-OsF.fd
File: OT1EBGaramond-OsF.fd 2023/03/19 (autoinst) Font definitions for OT1/EBGaramond-OsF.
)
LaTeX Font Info:    Font shape `OT1/EBGaramond-OsF/m/n' will be
(Font)              scaled to size 12.0pt on input line 39.
 (/usr/local/texlive/2024/texmf-dist/tex/latex/l3backend/l3backend-pdftex.def
File: l3backend-pdftex.def 2024-02-20 L3 backend support: PDF output (pdfTeX)
\l__color_backend_stack_int=\count276
\l__pdf_internal_box=\box51
)

LaTeX Warning: Unused global option(s):
    [12pt].

(./Yeakel_CV.aux)
LaTeX Font Info:    Checking defaults for OML/cmm/m/it on input line 39.
LaTeX Font Info:    ... okay on input line 39.
LaTeX Font Info:    Checking defaults for OMS/cmsy/m/n on input line 39.
LaTeX Font Info:    ... okay on input line 39.
LaTeX Font Info:    Checking defaults for OT1/cmr/m/n on input line 39.
LaTeX Font Info:    ... okay on input line 39.
LaTeX Font Info:    Checking defaults for T1/cmr/m/n on input line 39.
LaTeX Font Info:    ... okay on input line 39.
LaTeX Font Info:    Checking defaults for TS1/cmr/m/n on input line 39.
LaTeX Font Info:    ... okay on input line 39.
LaTeX Font Info:    Checking defaults for OMX/cmex/m/n on input line 39.
LaTeX Font Info:    ... okay on input line 39.
LaTeX Font Info:    Checking defaults for U/cmr/m/n on input line 39.
LaTeX Font Info:    ... okay on input line 39.
LaTeX Font Info:    Checking defaults for PD1/pdf/m/n on input line 39.
LaTeX Font Info:    ... okay on input line 39.
LaTeX Font Info:    Checking defaults for PU/pdf/m/n on input line 39.
LaTeX Font Info:    ... okay on input line 39.
\c@mv@tabular=\count277
\c@mv@boldtabular=\count278

\providecommand\hyper@newdestlabel[2]{}
Package hyperref Info: Link coloring OFF on input line 39.
(/usr/local/texlive/2024/texmf-dist/tex/context/base/mkii/supp-pdf.mkii
[Loading MPS to PDF converter (version 2006.09.02).]
\scratchcounter=\count279
\scratchdimen=\dimen148
\scratchbox=\box52
\nofMPsegments=\count280
\nofMParguments=\count281
\everyMPshowfont=\toks24
\MPscratchCnt=\count282
\MPscratchDim=\dimen149
\MPnumerator=\count283
\makeMPintoPDFobject=\count284
\everyMPtoPDFconversion=\toks25
)
LaTeX Font Info:    Font shape `OT1/EBGaramond-OsF/m/n' will be
(Font)              scaled to size 14.4pt on input line 43.
LaTeX Font Info:    Font shape `OT1/EBGaramond-OsF/b/n' will be
(Font)              scaled to size 14.4pt on input line 43.
LaTeX Font Info:    Font shape `OT1/EBGaramond-OsF/b/n' will be
(Font)              scaled to size 12.0pt on input line 45.
LaTeX Font Info:    Font shape `OT1/EBGaramond-OsF/m/sc' will be
(Font)              scaled to size 12.0pt on input line 45.

Underfull \hbox (badness 10000) in paragraph at lines 46--53

 []

LaTeX Font Info:    Font shape `OT1/EBGaramond-OsF/m/it' will be
(Font)              scaled to size 12.0pt on input line 57.

Underfull \hbox (badness 10000) in paragraph at lines 57--62

 []


Underfull \hbox (badness 10000) in paragraph at lines 85--86

 []


Underfull \hbox (badness 10000) in paragraph at lines 93--94

 []

LaTeX Font Info:    External font `cmex10' loaded for size
(Font)              <12> on input line 96.
LaTeX Font Info:    External font `cmex10' loaded for size
(Font)              <8> on input line 96.
LaTeX Font Info:    External font `cmex10' loaded for size
(Font)              <6> on input line 96.
[1

{/usr/local/texlive/2024/texmf-var/fonts/map/pdftex/updmap/pdftex.map}{/usr/local/texlive/2024/texmf-dist/fonts/enc/dvips/ebgaramond/ebg_qn2lct.enc}{/usr/local/texlive/2024/texmf-dist/fonts/enc/dvips/ebgaramond/ebg_4a6c3c.enc}{/usr/local/texlive/2024/texmf-dist/fonts/enc/dvips/ebgaramond/ebg_ne3tkd.enc}]
LaTeX Font Info:    Trying to load font information for TS1+EBGaramond-OsF on input line 122.
 (/usr/local/texlive/2024/texmf-dist/tex/latex/ebgaramond/TS1EBGaramond-OsF.fd
File: TS1EBGaramond-OsF.fd 2023/03/19 (autoinst) Font definitions for TS1/EBGaramond-OsF.
)
LaTeX Font Info:    Font shape `TS1/EBGaramond-OsF/m/n' will be
(Font)              scaled to size 12.0pt on input line 122.

Overfull \hbox (1.7669pt too wide) in paragraph at lines 216--217
\OT1/EBGaramond-OsF/m/it/12 Re-con-struct-ing In-ter-ac-tions of Species En-sem-bles (RISE): Gen-er-al-ized dy-nam-i-cal frame-works
 []


Overfull \hbox (23.12672pt too wide) in paragraph at lines 232--233
[]\OT1/EBGaramond-OsF/m/n/12 National Sci-ence Foun-da-tion, SGP-Sedimentary Ge-ol-ogy & Pa-le-o-bi-ol-ogy: \OT1/EBGaramond-OsF/m/it/12 As-sess-ing millennial-
 []

[2{/usr/local/texlive/2024/texmf-dist/fonts/enc/dvips/ebgaramond/ebg_yod6vr.enc}]
LaTeX Font Info:    Font shape `OT1/EBGaramond-OsF/m/n' will be
(Font)              scaled to size 10.0pt on input line 312.
LaTeX Font Info:    External font `cmex10' loaded for size
(Font)              <7> on input line 312.
LaTeX Font Info:    External font `cmex10' loaded for size
(Font)              <5> on input line 312.

Underfull \hbox (badness 10000) detected at line 316
[][]\OT1/EBGaramond-OsF/m/n/12 .[]
 []


Underfull \hbox (badness 10000) detected at line 318
[][]\OT1/EBGaramond-OsF/m/n/12 .[]
 []


Underfull \hbox (badness 10000) detected at line 320
[][]\OT1/EBGaramond-OsF/m/n/12 .[]
 []


Underfull \hbox (badness 10000) detected at line 322
[][]\OT1/EBGaramond-OsF/m/n/12 .[]
 []


Underfull \hbox (badness 10000) detected at line 324
[][]\OT1/EBGaramond-OsF/m/n/12 .[]
 []


Underfull \hbox (badness 10000) detected at line 333
[][]\OT1/EBGaramond-OsF/m/n/12 .[]
 []


Underfull \hbox (badness 10000) detected at line 335
[][]\OT1/EBGaramond-OsF/m/n/12 .[]
 []


Underfull \hbox (badness 10000) detected at line 337
[][]\OT1/EBGaramond-OsF/m/n/12 .[]
 []


Underfull \hbox (badness 10000) detected at line 339
[][]\OT1/EBGaramond-OsF/m/n/12 .[]
 []


Overfull \hbox (9.116pt too wide) in paragraph at lines 339--340
[]\OT1/EBGaramond-OsF/m/n/12 Rallings T., Kem-pes C.P., $[][]$\OT1/EBGaramond-OsF/b/n/12 Yeakel J.D. \OT1/EBGaramond-OsF/m/n/12 2024. []\OT1/EBGaramond-OsF/m/it/12 On the dy-nam-ics of mor-tal-ity and the ephemeral
 []


Underfull \hbox (badness 10000) detected at line 341
[][]\OT1/EBGaramond-OsF/m/n/12 .[]
 []


Underfull \hbox (badness 10000) detected at line 343
[][]\OT1/EBGaramond-OsF/m/n/12 .[]
 []


Underfull \hbox (badness 10000) detected at line 345
[][]\OT1/EBGaramond-OsF/m/n/12 .[]
 []


Underfull \hbox (badness 10000) detected at line 347
[][]\OT1/EBGaramond-OsF/m/n/12 .[]
 []


Underfull \hbox (badness 10000) detected at line 349
[][]\OT1/EBGaramond-OsF/m/n/12 .[]
 []


Underfull \hbox (badness 10000) detected at line 351
[][]\OT1/EBGaramond-OsF/m/n/12 .[]
 []

[3

]
Underfull \hbox (badness 10000) detected at line 353
[][]\OT1/EBGaramond-OsF/m/n/12 .[]
 []


Underfull \hbox (badness 10000) detected at line 355
[][]\OT1/EBGaramond-OsF/m/n/12 .[]
 []


Underfull \hbox (badness 10000) detected at line 357
[][]\OT1/EBGaramond-OsF/m/n/12 .[]
 []

LaTeX Font Info:    Font shape `TS1/EBGaramond-OsF/m/n' will be
(Font)              scaled to size 10.0pt on input line 360.
LaTeX Font Info:    Font shape `OT1/EBGaramond-OsF/m/it' will be
(Font)              scaled to size 10.0pt on input line 360.

Underfull \hbox (badness 10000) detected at line 363
[][]\OT1/EBGaramond-OsF/m/n/12 .[]
 []


Underfull \hbox (badness 10000) detected at line 365
[][]\OT1/EBGaramond-OsF/m/n/12 .[]
 []


Underfull \hbox (badness 10000) detected at line 367
[][]\OT1/EBGaramond-OsF/m/n/12 .[]
 []


Underfull \hbox (badness 10000) detected at line 369
[][]\OT1/EBGaramond-OsF/m/n/12 .[]
 []


Underfull \hbox (badness 10000) detected at line 371
[][]\OT1/EBGaramond-OsF/m/n/12 .[]
 []


Underfull \hbox (badness 10000) detected at line 373
[][]\OT1/EBGaramond-OsF/m/n/12 .[]
 []


Underfull \hbox (badness 10000) detected at line 375
[][]\OT1/EBGaramond-OsF/m/n/12 .[]
 []


Underfull \hbox (badness 10000) detected at line 377
[][]\OT1/EBGaramond-OsF/m/n/12 .[]
 []


Underfull \hbox (badness 10000) detected at line 379
[][]\OT1/EBGaramond-OsF/m/n/12 .[]
 []


Underfull \hbox (badness 10000) detected at line 381
[][]\OT1/EBGaramond-OsF/m/n/12 .[]
 []

[4]
Underfull \hbox (badness 10000) detected at line 383
[][]\OT1/EBGaramond-OsF/m/n/12 .[]
 []


Underfull \hbox (badness 10000) detected at line 385
[][]\OT1/EBGaramond-OsF/m/n/12 .[]
 []


Underfull \hbox (badness 10000) detected at line 387
[][]\OT1/EBGaramond-OsF/m/n/12 .[]
 []


Underfull \hbox (badness 10000) detected at line 389
[][]\OT1/EBGaramond-OsF/m/n/12 .[]
 []


Underfull \hbox (badness 10000) detected at line 391
[][]\OT1/EBGaramond-OsF/m/n/12 .[]
 []


Underfull \hbox (badness 10000) detected at line 393
[][]\OT1/EBGaramond-OsF/m/n/12 .[]
 []


Underfull \hbox (badness 10000) detected at line 396
[][]\OT1/EBGaramond-OsF/m/n/12 .[]
 []


Underfull \hbox (badness 10000) detected at line 398
[][]\OT1/EBGaramond-OsF/m/n/12 .[]
 []


Underfull \hbox (badness 10000) detected at line 400
[][]\OT1/EBGaramond-OsF/m/n/12 .[]
 []


Underfull \hbox (badness 10000) detected at line 402
[][]\OT1/EBGaramond-OsF/m/n/12 .[]
 []


Underfull \hbox (badness 10000) detected at line 404
[][]\OT1/EBGaramond-OsF/m/n/12 .[]
 []


Underfull \hbox (badness 10000) detected at line 406
[][]\OT1/EBGaramond-OsF/m/n/12 .[]
 []


Underfull \hbox (badness 10000) detected at line 408
[][]\OT1/EBGaramond-OsF/m/n/12 .[]
 []


Underfull \hbox (badness 10000) detected at line 410
[][]\OT1/EBGaramond-OsF/m/n/12 .[]
 []


Underfull \hbox (badness 10000) detected at line 412
[][]\OT1/EBGaramond-OsF/m/n/12 .[]
 []

[5]
Underfull \hbox (badness 10000) detected at line 414
[][]\OT1/EBGaramond-OsF/m/n/12 .[]
 []


Underfull \hbox (badness 10000) detected at line 416
[][]\OT1/EBGaramond-OsF/m/n/12 .[]
 []


Underfull \hbox (badness 10000) detected at line 418
[][]\OT1/EBGaramond-OsF/m/n/12 .[]
 []


Underfull \hbox (badness 10000) detected at line 420
[][]\OT1/EBGaramond-OsF/m/n/12 .[]
 []


Underfull \hbox (badness 10000) detected at line 422
[][]\OT1/EBGaramond-OsF/m/n/12 .[]
 []


Overfull \hbox (19.72247pt too wide) in paragraph at lines 454--455
[]\OT1/EBGaramond-OsF/m/n/12 NIMBioS: Spa-tiotem-po-ral vari-a-tion and dy-nam-ics in eco-log-i-cal net-works I,II,III,IV. Knoxville,
 []

[6] [7] [8] [9] [10] [11] [12] [13]
 ***********
LaTeX2e <2023-11-01> patch level 1
L3 programming layer <2024-02-20>
 ***********
 ) 
Here is how much of TeX's memory you used:
 9314 strings out of 474116
 148557 string characters out of 5743682
 1942187 words of memory out of 5000000
 31514 multiletter control sequences out of 15000+600000
 571946 words of font info for 58 fonts, out of 8000000 for 9000
 1141 hyphenation exceptions out of 8191
 75i,5n,79p,560b,584s stack positions out of 10000i,1000n,20000p,200000b,200000s
</usr/local/texlive/2024/texmf-dist/fonts/type1/public/ebgaramond/EBGaramond-Bold.pfb></usr/local/texlive/2024/texmf-dist/fonts/type1/public/ebgaramond/EBGaramond-Italic.pfb></usr/local/texlive/2024/texmf-dist/fonts/type1/public/ebgaramond/EBGaramond-Regular.pfb></usr/local/texlive/2024/texmf-dist/fonts/type1/public/amsfonts/cm/cmsy10.pfb></usr/local/texlive/2024/texmf-dist/fonts/type1/public/amsfonts/cm/cmsy7.pfb></usr/local/texlive/2024/texmf-dist/fonts/type1/public/amsfonts/cm/cmsy8.pfb>
Output written on Yeakel_CV.pdf (13 pages, 144032 bytes).
PDF statistics:
 252 PDF objects out of 1000 (max. 8388607)
 220 compressed objects within 3 object streams
 62 named destinations out of 1000 (max. 500000)
 1 words of extra memory for PDF output out of 10000 (max. 10000000)

